2023-06-28 15:17:42,090 INFO 17144 [egg:logger] init all loggers with options: {"dir":"E:\\前端学习资料\\九剑云项目\\9jian-cloud-node\\logs\\vue3-9jian-node","encoding":"utf8","env":"local","level":"INFO","consoleLevel":"INFO","disableConsoleAfterReady":false,"outputJSON":false,"buffer":true,"appLogName":"vue3-9jian-node-web.log","coreLogName":"egg-web.log","agentLogName":"egg-agent.log","errorLogName":"common-error.log","coreLogger":{"consoleLevel":"WARN"},"allowDebugAtProd":false,"enablePerformanceTimer":false,"enableFastContextLogger":false,"type":"application","localStorage":{"enabled":false,"_onPropagate":null}}
2023-06-28 15:17:42,090 INFO 17144 [egg-multipart] stream mode enable
2023-06-28 15:17:42,257 INFO 17144 [egg-static] starting static serve /public/ -> E:\前端学习资料\九剑云项目\9jian-cloud-node\app\public
2023-06-28 15:17:42,261 INFO 17144 [egg-security] use methodnoallow middleware
2023-06-28 15:17:42,262 INFO 17144 [egg-security] use noopen middleware
2023-06-28 15:17:42,264 INFO 17144 [egg-security] use nosniff middleware
2023-06-28 15:17:42,265 INFO 17144 [egg-security] use xssProtection middleware
2023-06-28 15:17:42,266 INFO 17144 [egg-security] use xframe middleware
2023-06-28 15:17:42,267 INFO 17144 [egg-security] use dta middleware
2023-06-28 15:17:42,267 INFO 17144 [egg-security] compose 6 middlewares into one security middleware
2023-06-28 15:17:42,302 INFO 17144 [egg:core] dump config after load, 13ms
2023-06-28 15:17:42,317 INFO 17144 [egg-watcher:application] watcher start success
2023-06-28 15:17:42,324 INFO 17144 egg start timeline:
▇▇▇▇▇▇▇▇▇▇▇▇▇▇▇▇▇▇▇▇▇▇▇▇▇▇▇▇ [1107ms] - #0 Process Start
                            ▇▇▇▇▇▇▇▇▇▇▇▇▇▇▇▇▇▇▇▇▇ [858ms] - #1 Application Start
                            ▇ [17ms] - #2 Load Plugin
                            ▇ [24ms] - #3 Load Config
                            ▇ [1ms] - #4 Require(0) config/config.default.js
                            ▇ [1ms] - #5 Require(1) node_modules/egg-session/config/config.default.js
                            ▇ [1ms] - #6 Require(2) node_modules/egg-security/config/config.default.js
                             ▇ [0ms] - #7 Require(3) node_modules/egg-jsonp/config/config.default.js
                             ▇ [0ms] - #8 Require(4) node_modules/egg-onerror/config/config.default.js
                             ▇ [0ms] - #9 Require(5) node_modules/egg-i18n/config/config.default.js
                             ▇ [0ms] - #10 Require(6) node_modules/egg-watcher/config/config.default.js
                             ▇ [0ms] - #11 Require(7) node_modules/egg-schedule/config/config.default.js
                             ▇ [0ms] - #12 Require(8) node_modules/egg-multipart/config/config.default.js
                             ▇ [1ms] - #13 Require(9) node_modules/egg-development/config/config.default.js
                             ▇ [0ms] - #14 Require(10) node_modules/egg-logrotator/config/config.default.js
                             ▇ [0ms] - #15 Require(11) node_modules/egg-static/config/config.default.js
                             ▇ [1ms] - #16 Require(12) node_modules/egg-view/config/config.default.js
                             ▇ [0ms] - #17 Require(13) node_modules/egg/config/config.default.js
                             ▇ [0ms] - #18 Require(14) config/config.default.js
                             ▇ [1ms] - #19 Require(15) node_modules/egg-security/config/config.local.js
                             ▇ [1ms] - #20 Require(16) node_modules/egg-watcher/config/config.local.js
                             ▇ [0ms] - #21 Require(17) node_modules/egg-view/config/config.local.js
                             ▇ [0ms] - #22 Require(18) node_modules/egg/config/config.local.js
                             ▇ [24ms] - #23 Load extend/application.js
                             ▇ [1ms] - #24 Require(19) node_modules/egg-session/app/extend/application.js
                             ▇ [2ms] - #25 Require(20) node_modules/egg-security/app/extend/application.js
                             ▇ [2ms] - #26 Require(21) node_modules/egg-jsonp/app/extend/application.js
                             ▇ [3ms] - #27 Require(22) node_modules/egg-schedule/app/extend/application.js
                             ▇ [2ms] - #28 Require(23) node_modules/egg-logrotator/app/extend/application.js
                             ▇ [4ms] - #29 Require(24) node_modules/egg-view/app/extend/application.js
                              ▇ [11ms] - #30 Load extend/request.js
                              ▇ [2ms] - #31 Require(25) node_modules/egg/app/extend/request.js
                              ▇ [12ms] - #32 Load extend/response.js
                              ▇ [3ms] - #33 Require(26) node_modules/egg/app/extend/response.js
                              ▇ [45ms] - #34 Load extend/context.js
                              ▇ [13ms] - #35 Require(27) node_modules/egg-security/app/extend/context.js
                               ▇ [2ms] - #36 Require(28) node_modules/egg-jsonp/app/extend/context.js
                               ▇ [0ms] - #37 Require(29) node_modules/egg-i18n/app/extend/context.js
                               ▇ [16ms] - #38 Require(30) node_modules/egg-multipart/app/extend/context.js
                               ▇ [1ms] - #39 Require(31) node_modules/egg-view/app/extend/context.js
                               ▇ [3ms] - #40 Require(32) node_modules/egg/app/extend/context.js
                               ▇ [29ms] - #41 Load extend/helper.js
                               ▇ [20ms] - #42 Require(33) node_modules/egg-security/app/extend/helper.js
                                ▇ [1ms] - #43 Require(34) node_modules/egg/app/extend/helper.js
                                ▇▇▇▇▇▇▇▇▇▇▇ [449ms] - #44 Load app.js
                                ▇ [0ms] - #45 Require(35) node_modules/egg-session/app.js
                                ▇ [2ms] - #46 Require(36) node_modules/egg-security/app.js
                                ▇ [12ms] - #47 Require(37) node_modules/egg-onerror/app.js
                                ▇ [17ms] - #48 Require(38) node_modules/egg-i18n/app.js
                                 ▇ [5ms] - #49 Require(39) node_modules/egg-watcher/app.js
                                 ▇ [1ms] - #50 Require(40) node_modules/egg-schedule/app.js
                                 ▇ [2ms] - #51 Require(41) node_modules/egg-multipart/app.js
                                 ▇ [0ms] - #52 Require(42) node_modules/egg-development/app.js
                                 ▇ [0ms] - #53 Require(43) node_modules/egg-logrotator/app.js
                                 ▇ [0ms] - #54 Require(44) node_modules/egg-static/app.js
                                 ▇▇▇▇▇▇▇▇▇▇ [404ms] - #55 Require(45) app.js
                                            ▇▇▇▇▇ [223ms] - #56 Before Start in node_modules/egg-watcher/lib/init.js:15:14
                                             ▇▇▇▇ [176ms] - #57 Before Start in app.js:5:9
                                             ▇ [10ms] - #58 Load Service
                                             ▇ [9ms] - #59 Load "service" to Context
                                             ▇▇▇ [127ms] - #60 Load Middleware
                                             ▇▇ [115ms] - #61 Load "middlewares" to Application
                                                ▇ [19ms] - #62 Load Controller
                                                ▇ [19ms] - #63 Load "controller" to Application
                                                 ▇ [3ms] - #64 Load Router
                                                 ▇ [0ms] - #65 Require(46) app/router.js
                                                 ▇ [17ms] - #66 Before Start in node_modules/egg-core/lib/egg.js:304:10
2023-06-28 15:17:42,324 INFO 17144 [egg:core] dump config after ready, 5ms
